#
# A fatal error has been detected by the Java Runtime Environment:
#
#  EXCEPTION_ACCESS_VIOLATION (0xc0000005) at pc=0x00007ffca4bc9d84, pid=13204, tid=0x000000000000426c
#
# JRE version: Java(TM) SE Runtime Environment (8.0_301-b09) (build 1.8.0_301-b09)
# Java VM: Java HotSpot(TM) 64-Bit Server VM (25.301-b09 mixed mode windows-amd64 compressed oops)
# Problematic frame:
# C  [ig9icd64.dll+0x589d84]
#
# Failed to write core dump. Minidumps are not enabled by default on client versions of Windows
#
# If you would like to submit a bug report, please visit:
#   http://bugreport.java.com/bugreport/crash.jsp
# The crash happened outside the Java Virtual Machine in native code.
# See problematic frame for where to report the bug.
#

---------------  T H R E A D  ---------------

Current thread (0x00000202cb164800):  JavaThread "AWT-EventQueue-0" [_thread_in_native, id=17004, stack(0x0000002102100000,0x0000002102200000)]

siginfo: ExceptionCode=0xc0000005, reading address 0x0000000000000000

Registers:
RAX=0x000000003f800000, RBX=0x00000202cb6d3f00, RCX=0x00000202cd940930, RDX=0x00000202cb6fea80
RSP=0x00000021021fdb80, RBP=0x00000021021fdc40, RSI=0x0000000000000001, RDI=0x0000000000000000
R8 =0x0000000000000000, R9 =0x00000202cb6d3f00, R10=0x0000000000000001, R11=0x0000000000000004
R12=0x0000000000000000, R13=0x00000202ccea91d0, R14=0x00000021021fdc88, R15=0x00000202cb164800
RIP=0x00007ffca4bc9d84, EFLAGS=0x0000000000010246

Top of Stack: (sp=0x00000021021fdb80)
0x00000021021fdb80:   00000202cb6d3f00 00000202af37837d
0x00000021021fdb90:   00000021021fdc40 0000000000000000
0x00000021021fdba0:   00000202af37837d 00000202af389fae
0x00000021021fdbb0:   00000202ccea91d0 0000000000000020
0x00000021021fdbc0:   00000202c83691b0 00000000530cc0d2
0x00000021021fdbd0:   0000020200000000 00007ffceca53770
0x00000021021fdbe0:   00000202cb164800 00000202d2cae3f8
0x00000021021fdbf0:   00000202cb164800 0000000000000000
0x00000021021fdc00:   00000021021fdc00 0000000000000000
0x00000021021fdc10:   00000021021fdc88 00000202ccfc0028
0x00000021021fdc20:   0000000000000000 00000202ccea91d0
0x00000021021fdc30:   0000000000000000 00000021021fdc60
0x00000021021fdc40:   00000021021fdcd0 00000202af37837d
0x00000021021fdc50:   0000000000000000 00000202af382d78
0x00000021021fdc60:   00007ffceca53770 0000000053112853
0x00000021021fdc70:   0000000000000000 0000000000000000 

Instructions: (pc=0x00007ffca4bc9d84)
0x00007ffca4bc9d64:   00 eb 07 48 8b 8b c8 a8 02 00 89 93 00 a8 02 00
0x00007ffca4bc9d74:   48 8d 41 10 48 89 83 c8 a8 02 00 b8 00 00 80 3f
0x00007ffca4bc9d84:   66 0f 6e 07 66 0f 3a 22 47 04 01 66 0f 3a 22 47
0x00007ffca4bc9d94:   08 02 66 0f 3a 22 c0 03 f3 0f 7f 01 f3 0f 7f 83 


Register to memory mapping:

RAX=0x000000003f800000 is an unknown value
RBX=0x00000202cb6d3f00 is an unknown value
RCX=0x00000202cd940930 is an unknown value
RDX=0x00000202cb6fea80 is an unknown value
RSP=0x00000021021fdb80 is pointing into the stack for thread: 0x00000202cb164800
RBP=0x00000021021fdc40 is pointing into the stack for thread: 0x00000202cb164800
RSI=0x0000000000000001 is an unknown value
RDI=0x0000000000000000 is an unknown value
R8 =0x0000000000000000 is an unknown value
R9 =0x00000202cb6d3f00 is an unknown value
R10=0x0000000000000001 is an unknown value
R11=0x0000000000000004 is an unknown value
R12=0x0000000000000000 is an unknown value
R13={method} {0x00000202ccea91d8} 'dispatch_glColor3fv1' '(Ljava/lang/Object;IZJ)V' in 'jogamp/opengl/gl4/GL4bcImpl'
R14=0x00000021021fdc88 is pointing into the stack for thread: 0x00000202cb164800
R15=0x00000202cb164800 is a thread


Stack: [0x0000002102100000,0x0000002102200000],  sp=0x00000021021fdb80,  free space=1014k
Native frames: (J=compiled Java code, j=interpreted, Vv=VM code, C=native code)
C  [ig9icd64.dll+0x589d84]
C  0x00000202af389fae

Java frames: (J=compiled Java code, j=interpreted, Vv=VM code)
j  jogamp.opengl.gl4.GL4bcImpl.dispatch_glColor3fv1(Ljava/lang/Object;IZJ)V+0
j  jogamp.opengl.gl4.GL4bcImpl.glColor3fv([FI)V+97
j  GTriangle.render(Lcom/jogamp/opengl/GL2;)V+6
j  GHome.render(Lcom/jogamp/opengl/GL2;)V+48
j  GLUTCanvas.display(Lcom/jogamp/opengl/GLAutoDrawable;)V+83
j  jogamp.opengl.GLDrawableHelper.displayImpl(Lcom/jogamp/opengl/GLAutoDrawable;)V+62
j  jogamp.opengl.GLDrawableHelper.display(Lcom/jogamp/opengl/GLAutoDrawable;)V+2
j  com.jogamp.opengl.awt.GLCanvas$11.run()V+118
j  jogamp.opengl.GLDrawableHelper.invokeGLImpl(Lcom/jogamp/opengl/GLDrawable;Lcom/jogamp/opengl/GLContext;Ljava/lang/Runnable;Ljava/lang/Runnable;)V+203
j  jogamp.opengl.GLDrawableHelper.invokeGL(Lcom/jogamp/opengl/GLDrawable;Lcom/jogamp/opengl/GLContext;Ljava/lang/Runnable;Ljava/lang/Runnable;)V+72
j  com.jogamp.opengl.awt.GLCanvas$12.run()V+104
j  java.awt.event.InvocationEvent.dispatch()V+11
j  java.awt.EventQueue.dispatchEventImpl(Ljava/awt/AWTEvent;Ljava/lang/Object;)V+21
j  java.awt.EventQueue.access$500(Ljava/awt/EventQueue;Ljava/awt/AWTEvent;Ljava/lang/Object;)V+3
j  java.awt.EventQueue$3.run()Ljava/lang/Void;+32
j  java.awt.EventQueue$3.run()Ljava/lang/Object;+1
v  ~StubRoutines::call_stub
j  java.security.AccessController.doPrivileged(Ljava/security/PrivilegedAction;Ljava/security/AccessControlContext;)Ljava/lang/Object;+0
j  java.security.ProtectionDomain$JavaSecurityAccessImpl.doIntersectionPrivilege(Ljava/security/PrivilegedAction;Ljava/security/AccessControlContext;Ljava/security/AccessControlContext;)Ljava/lang/Object;+18
j  java.awt.EventQueue.dispatchEvent(Ljava/awt/AWTEvent;)V+46
j  java.awt.EventDispatchThread.pumpOneEventForFilters(I)V+140
j  java.awt.EventDispatchThread.pumpEventsForFilter(ILjava/awt/Conditional;Ljava/awt/EventFilter;)V+35
j  java.awt.EventDispatchThread.pumpEventsForHierarchy(ILjava/awt/Conditional;Ljava/awt/Component;)V+11
j  java.awt.EventDispatchThread.pumpEvents(ILjava/awt/Conditional;)V+4
j  java.awt.EventDispatchThread.pumpEvents(Ljava/awt/Conditional;)V+3
j  java.awt.EventDispatchThread.run()V+9
v  ~StubRoutines::call_stub

---------------  P R O C E S S  ---------------

Java Threads: ( => current thread )
  0x00000202ad921800 JavaThread "DestroyJavaVM" [_thread_blocked, id=15804, stack(0x0000002100800000,0x0000002100900000)]
  0x00000202d14d3800 JavaThread "main-FPSAWTAnimator#00-Timer0" [_thread_blocked, id=14736, stack(0x0000002102700000,0x0000002102800000)]
  0x00000202cb2ba000 JavaThread "main-SharedResourceRunner" daemon [_thread_blocked, id=14220, stack(0x0000002102200000,0x0000002102300000)]
=>0x00000202cb164800 JavaThread "AWT-EventQueue-0" [_thread_in_native, id=17004, stack(0x0000002102100000,0x0000002102200000)]
  0x00000202cb1d6000 JavaThread "AWT-Windows" daemon [_thread_in_native, id=9200, stack(0x0000002102000000,0x0000002102100000)]
  0x00000202cb1ca000 JavaThread "AWT-Shutdown" [_thread_blocked, id=17976, stack(0x0000002101f00000,0x0000002102000000)]
  0x00000202cb1c9800 JavaThread "Java2D Disposer" daemon [_thread_blocked, id=17800, stack(0x0000002101e00000,0x0000002101f00000)]
  0x00000202cab51000 JavaThread "Service Thread" daemon [_thread_blocked, id=16816, stack(0x0000002101c00000,0x0000002101d00000)]
  0x00000202c9318800 JavaThread "C1 CompilerThread3" daemon [_thread_blocked, id=18000, stack(0x0000002101b00000,0x0000002101c00000)]
  0x00000202c9314800 JavaThread "C2 CompilerThread2" daemon [_thread_blocked, id=14112, stack(0x0000002101a00000,0x0000002101b00000)]
  0x00000202c9305000 JavaThread "C2 CompilerThread1" daemon [_thread_blocked, id=10048, stack(0x0000002101900000,0x0000002101a00000)]
  0x00000202c9302800 JavaThread "C2 CompilerThread0" daemon [_thread_blocked, id=13976, stack(0x0000002101800000,0x0000002101900000)]
  0x00000202c9300000 JavaThread "Attach Listener" daemon [_thread_blocked, id=9896, stack(0x0000002101700000,0x0000002101800000)]
  0x00000202c92fd000 JavaThread "Signal Dispatcher" daemon [_thread_blocked, id=10160, stack(0x0000002101600000,0x0000002101700000)]
  0x00000202c92de800 JavaThread "Finalizer" daemon [_thread_blocked, id=10980, stack(0x0000002101500000,0x0000002101600000)]
  0x00000202c92b7800 JavaThread "Reference Handler" daemon [_thread_blocked, id=4828, stack(0x0000002101400000,0x0000002101500000)]

Other Threads:
  0x00000202c847d000 VMThread [stack: 0x0000002101300000,0x0000002101400000] [id=13504]
  0x00000202cab72000 WatcherThread [stack: 0x0000002101d00000,0x0000002101e00000] [id=10748]

VM state:not at safepoint (normal execution)

VM Mutex/Monitor currently owned by a thread: None

heap address: 0x00000006c2600000, size: 4058 MB, Compressed Oops mode: Zero based, Oop shift amount: 3
Narrow klass base: 0x0000000000000000, Narrow klass shift: 3
Compressed class space size: 1073741824 Address: 0x00000007c0000000

Heap:
 PSYoungGen      total 75776K, used 41084K [0x000000076b780000, 0x0000000770c00000, 0x00000007c0000000)
  eden space 65024K, 63% used [0x000000076b780000,0x000000076df9f380,0x000000076f700000)
  from space 10752K, 0% used [0x0000000770180000,0x0000000770180000,0x0000000770c00000)
  to   space 10752K, 0% used [0x000000076f700000,0x000000076f700000,0x0000000770180000)
 ParOldGen       total 173568K, used 0K [0x00000006c2600000, 0x00000006ccf80000, 0x000000076b780000)
  object space 173568K, 0% used [0x00000006c2600000,0x00000006c2600000,0x00000006ccf80000)
 Metaspace       used 14353K, capacity 14602K, committed 14976K, reserved 1062912K
  class space    used 1479K, capacity 1539K, committed 1664K, reserved 1048576K

Card table byte_map: [0x00000202be730000,0x00000202bef20000] byte_map_base: 0x00000202bb11d000

Marking Bits: (ParMarkBitMap*) 0x00000000537c7fe0
 Begin Bits: [0x00000202bf470000, 0x00000202c33d8000)
 End Bits:   [0x00000202c33d8000, 0x00000202c7340000)

Polling page: 0x00000202af340000

CodeCache: size=245760Kb used=3015Kb max_used=3015Kb free=242744Kb
 bounds [0x00000202af370000, 0x00000202af670000, 0x00000202be370000]
 total_blobs=1486 nmethods=693 adapters=706
 compilation: enabled

Compilation events (10 events):
Event: 1.400 Thread 0x00000202c9318800  688       3       java.net.URLStreamHandler::sameFile (136 bytes)
Event: 1.400 Thread 0x00000202c9318800 nmethod 688 0x00000202af65e0d0 code [0x00000202af65e2a0, 0x00000202af65f310]
Event: 1.401 Thread 0x00000202c9318800  689       3       sun.net.www.protocol.file.Handler::hostsEqual (65 bytes)
Event: 1.401 Thread 0x00000202c9318800 nmethod 689 0x00000202af65f550 code [0x00000202af65f700, 0x00000202af65ffb0]
Event: 1.401 Thread 0x00000202c9318800  690       3       java.net.URLStreamHandler::hostsEqual (75 bytes)
Event: 1.402 Thread 0x00000202c9318800 nmethod 690 0x00000202af660210 code [0x00000202af6603e0, 0x00000202af660f00]
Event: 1.402 Thread 0x00000202c9318800  691       3       java.net.URLStreamHandler::equals (45 bytes)
Event: 1.403 Thread 0x00000202c9318800 nmethod 691 0x00000202af661150 code [0x00000202af6612e0, 0x00000202af661800]
Event: 1.429 Thread 0x00000202c9318800  692       3       jogamp.opengl.gl4.GL4bcImpl::glVertex2f (45 bytes)
Event: 1.430 Thread 0x00000202c9318800 nmethod 692 0x00000202af661950 code [0x00000202af661ba0, 0x00000202af662910]

GC Heap History (0 events):
No events

Deoptimization events (3 events):
Event: 0.188 Thread 0x00000202ad921800 Uncommon trap: reason=unstable_if action=reinterpret pc=0x00000202af5091c4 method=java.lang.String.indexOf([CII[CIII)I @ 134
Event: 0.866 Thread 0x00000202ad921800 Uncommon trap: reason=unstable_if action=reinterpret pc=0x00000202af50995c method=java.lang.String.startsWith(Ljava/lang/String;I)Z @ 25
Event: 1.264 Thread 0x00000202ad921800 Uncommon trap: reason=unstable_if action=reinterpret pc=0x00000202af61f9b4 method=java.lang.reflect.AccessibleObject.setAccessible0(Ljava/lang/reflect/AccessibleObject;Z)V @ 4

Classes redefined (0 events):
No events

Internal exceptions (10 events):
Event: 0.059 Thread 0x00000202ad921800 Exception <a 'java/io/FileNotFoundException'> (0x000000076b7d7918) thrown at [C:\jenkins\workspace\8-2-build-windows-amd64-cygwin\jdk8u301\1513\hotspot\src\share\vm\prims\jni.cpp, line 710]
Event: 0.093 Thread 0x00000202ad921800 Exception <a 'java/security/PrivilegedActionException'> (0x000000076b8b2f58) thrown at [C:\jenkins\workspace\8-2-build-windows-amd64-cygwin\jdk8u301\1513\hotspot\src\share\vm\prims\jvm.cpp, line 1523]
Event: 0.093 Thread 0x00000202ad921800 Exception <a 'java/security/PrivilegedActionException'> (0x000000076b8b3168) thrown at [C:\jenkins\workspace\8-2-build-windows-amd64-cygwin\jdk8u301\1513\hotspot\src\share\vm\prims\jvm.cpp, line 1523]
Event: 0.094 Thread 0x00000202ad921800 Exception <a 'java/security/PrivilegedActionException'> (0x000000076b8b6dd8) thrown at [C:\jenkins\workspace\8-2-build-windows-amd64-cygwin\jdk8u301\1513\hotspot\src\share\vm\prims\jvm.cpp, line 1523]
Event: 0.094 Thread 0x00000202ad921800 Exception <a 'java/security/PrivilegedActionException'> (0x000000076b8b6fe8) thrown at [C:\jenkins\workspace\8-2-build-windows-amd64-cygwin\jdk8u301\1513\hotspot\src\share\vm\prims\jvm.cpp, line 1523]
Event: 0.099 Thread 0x00000202ad921800 Exception <a 'java/io/FileNotFoundException'> (0x000000076b8b9c00) thrown at [C:\jenkins\workspace\8-2-build-windows-amd64-cygwin\jdk8u301\1513\hotspot\src\share\vm\prims\jni.cpp, line 710]
Event: 0.130 Thread 0x00000202ad921800 Exception <a 'java/lang/NoSuchFieldError': method resolution failed> (0x000000076bacff28) thrown at [C:\jenkins\workspace\8-2-build-windows-amd64-cygwin\jdk8u301\1513\hotspot\src\share\vm\prims\methodHandles.cpp, line 1169]
Event: 0.131 Thread 0x00000202ad921800 Exception <a 'java/lang/NoSuchFieldError': method resolution failed> (0x000000076badd2f8) thrown at [C:\jenkins\workspace\8-2-build-windows-amd64-cygwin\jdk8u301\1513\hotspot\src\share\vm\prims\methodHandles.cpp, line 1169]
Event: 0.678 Thread 0x00000202ad921800 Exception <a 'java/io/FileNotFoundException'> (0x000000076c0fb5d8) thrown at [C:\jenkins\workspace\8-2-build-windows-amd64-cygwin\jdk8u301\1513\hotspot\src\share\vm\prims\jni.cpp, line 710]
Event: 1.310 Thread 0x00000202ad921800 Exception <a 'java/lang/reflect/InvocationTargetException'> (0x000000076dc09720) thrown at [C:\jenkins\workspace\8-2-build-windows-amd64-cygwin\jdk8u301\1513\hotspot\src\share\vm\runtime\reflection.cpp, line 1092]

Events (10 events):
Event: 1.396 loading class GWagon
Event: 1.396 loading class GWagon done
Event: 1.398 loading class GTrain
Event: 1.398 loading class GTrain done
Event: 1.400 loading class GCloud
Event: 1.400 loading class GCloud done
Event: 1.400 loading class GUfo
Event: 1.400 loading class GUfo done
Event: 1.401 loading class GWindmill
Event: 1.401 loading class GWindmill done


Dynamic libraries:
0x00007ff71bcb0000 - 0x00007ff71bcf7000 	C:\Program Files\Java\jre1.8.0_301\bin\javaw.exe
0x00007ffd10cf0000 - 0x00007ffd10ee5000 	C:\Windows\SYSTEM32\ntdll.dll
0x00007ffd0fac0000 - 0x00007ffd0fb7e000 	C:\Windows\System32\KERNEL32.DLL
0x00007ffd0ea10000 - 0x00007ffd0ecd9000 	C:\Windows\System32\KERNELBASE.dll
0x00007ffd0fde0000 - 0x00007ffd0fe8c000 	C:\Windows\System32\ADVAPI32.dll
0x00007ffd10650000 - 0x00007ffd106ee000 	C:\Windows\System32\msvcrt.dll
0x00007ffd0fc50000 - 0x00007ffd0fceb000 	C:\Windows\System32\sechost.dll
0x00007ffd10a50000 - 0x00007ffd10b7a000 	C:\Windows\System32\RPCRT4.dll
0x00007ffd0f910000 - 0x00007ffd0fab1000 	C:\Windows\System32\USER32.dll
0x00007ffd0e600000 - 0x00007ffd0e622000 	C:\Windows\System32\win32u.dll
0x00007ffd0fcf0000 - 0x00007ffd0fd1b000 	C:\Windows\System32\GDI32.dll
0x00007ffd0e630000 - 0x00007ffd0e73b000 	C:\Windows\System32\gdi32full.dll
0x00007ffd0e560000 - 0x00007ffd0e5fd000 	C:\Windows\System32\msvcp_win.dll
0x00007ffd0e460000 - 0x00007ffd0e560000 	C:\Windows\System32\ucrtbase.dll
0x00007ffceee90000 - 0x00007ffcef12a000 	C:\Windows\WinSxS\amd64_microsoft.windows.common-controls_6595b64144ccf1df_6.0.19041.1110_none_60b5254171f9507e\COMCTL32.dll
0x00007ffd0fd20000 - 0x00007ffd0fd50000 	C:\Windows\System32\IMM32.DLL
0x00007ffce46d0000 - 0x00007ffce46e5000 	C:\Program Files\Java\jre1.8.0_301\bin\vcruntime140.dll
0x00007ffcdd860000 - 0x00007ffcdd8fb000 	C:\Program Files\Java\jre1.8.0_301\bin\msvcp140.dll
0x0000000052fe0000 - 0x0000000053840000 	C:\Program Files\Java\jre1.8.0_301\bin\server\jvm.dll
0x00007ffd0f0f0000 - 0x00007ffd0f0f8000 	C:\Windows\System32\PSAPI.DLL
0x00007ffd05d20000 - 0x00007ffd05d2a000 	C:\Windows\SYSTEM32\VERSION.dll
0x00007ffcf6cc0000 - 0x00007ffcf6cc9000 	C:\Windows\SYSTEM32\WSOCK32.dll
0x00007ffcf7530000 - 0x00007ffcf7557000 	C:\Windows\SYSTEM32\WINMM.dll
0x00007ffd0fb80000 - 0x00007ffd0fbeb000 	C:\Windows\System32\WS2_32.dll
0x00007ffd0c310000 - 0x00007ffd0c322000 	C:\Windows\SYSTEM32\kernel.appcore.dll
0x00007ffcf4230000 - 0x00007ffcf4240000 	C:\Program Files\Java\jre1.8.0_301\bin\verify.dll
0x00007ffcf4200000 - 0x00007ffcf422b000 	C:\Program Files\Java\jre1.8.0_301\bin\java.dll
0x00007ffcf41e0000 - 0x00007ffcf41f8000 	C:\Program Files\Java\jre1.8.0_301\bin\zip.dll
0x00007ffd0fe90000 - 0x00007ffd105cf000 	C:\Windows\System32\SHELL32.dll
0x00007ffd0c510000 - 0x00007ffd0cca0000 	C:\Windows\SYSTEM32\windows.storage.dll
0x00007ffd106f0000 - 0x00007ffd10a45000 	C:\Windows\System32\combase.dll
0x00007ffd0dd90000 - 0x00007ffd0ddbc000 	C:\Windows\SYSTEM32\Wldp.dll
0x00007ffd0f100000 - 0x00007ffd0f1ad000 	C:\Windows\System32\SHCORE.dll
0x00007ffd0f240000 - 0x00007ffd0f295000 	C:\Windows\System32\shlwapi.dll
0x00007ffd0e350000 - 0x00007ffd0e36f000 	C:\Windows\SYSTEM32\profapi.dll
0x00007ffcd0190000 - 0x00007ffcd0325000 	C:\Program Files\Java\jre1.8.0_301\bin\awt.dll
0x00007ffd0f840000 - 0x00007ffd0f90d000 	C:\Windows\System32\OLEAUT32.dll
0x00007ffd0bb50000 - 0x00007ffd0bbe0000 	C:\Windows\SYSTEM32\apphelp.dll
0x00007ffd0dce0000 - 0x00007ffd0dcf8000 	C:\Windows\SYSTEM32\CRYPTSP.dll
0x00007ffd0d470000 - 0x00007ffd0d4a4000 	C:\Windows\system32\rsaenh.dll
0x00007ffd0e9e0000 - 0x00007ffd0ea07000 	C:\Windows\System32\bcrypt.dll
0x00007ffd0e2d0000 - 0x00007ffd0e2fe000 	C:\Windows\SYSTEM32\USERENV.dll
0x00007ffd0e950000 - 0x00007ffd0e9d3000 	C:\Windows\System32\bcryptprimitives.dll
0x00007ffd0dd00000 - 0x00007ffd0dd0c000 	C:\Windows\SYSTEM32\CRYPTBASE.dll
0x00007ffcf1040000 - 0x00007ffcf105c000 	C:\Program Files\Java\jre1.8.0_301\bin\net.dll
0x00007ffd0daf0000 - 0x00007ffd0db5a000 	C:\Windows\system32\mswsock.dll
0x00007ffd0d7e0000 - 0x00007ffd0d81b000 	C:\Windows\SYSTEM32\IPHLPAPI.DLL
0x00007ffd0eef0000 - 0x00007ffd0eef8000 	C:\Windows\System32\NSI.dll
0x00007ffd077e0000 - 0x00007ffd077f7000 	C:\Windows\SYSTEM32\dhcpcsvc6.DLL
0x00007ffd07d40000 - 0x00007ffd07d5d000 	C:\Windows\SYSTEM32\dhcpcsvc.DLL
0x00007ffd0d820000 - 0x00007ffd0d8ec000 	C:\Windows\SYSTEM32\DNSAPI.dll
0x00007ffcf1020000 - 0x00007ffcf1033000 	C:\Program Files\Java\jre1.8.0_301\bin\nio.dll
0x00000000637c0000 - 0x00000000637cd000 	C:\Users\Miguel\AppData\Local\Temp\jogamp_0000\file_cache\jln1140557613091254963\jln6511933531547810998\natives\windows-amd64\gluegen-rt.dll
0x00007ffd0be30000 - 0x00007ffd0bece000 	C:\Windows\system32\uxtheme.dll
0x00007ffd0f2a0000 - 0x00007ffd0f3b5000 	C:\Windows\System32\MSCTF.dll
0x00007ffd10b80000 - 0x00007ffd10caa000 	C:\Windows\System32\ole32.dll
0x00007ffd091e0000 - 0x00007ffd091e7000 	C:\Program Files\Java\jre1.8.0_301\bin\jawt.dll
0x000000006a440000 - 0x000000006a44d000 	C:\Users\Miguel\AppData\Local\Temp\jogamp_0000\file_cache\jln1140557613091254963\jln6511933531547810998\natives\windows-amd64\nativewindow_awt.dll
0x00007ffd0c020000 - 0x00007ffd0c04f000 	C:\Windows\system32\DWMAPI.DLL
0x00007ffceca30000 - 0x00007ffcecb55000 	C:\Windows\system32\opengl32.dll
0x00007ffcf9f30000 - 0x00007ffcf9f5c000 	C:\Windows\SYSTEM32\GLU32.dll
0x000000006c100000 - 0x000000006c10f000 	C:\Users\Miguel\AppData\Local\Temp\jogamp_0000\file_cache\jln1140557613091254963\jln6511933531547810998\natives\windows-amd64\nativewindow_win32.dll
0x0000000064500000 - 0x00000000645b1000 	C:\Users\Miguel\AppData\Local\Temp\jogamp_0000\file_cache\jln1140557613091254963\jln6511933531547810998\natives\windows-amd64\jogl_desktop.dll
0x0000000064340000 - 0x00000000643a2000 	C:\Users\Miguel\AppData\Local\Temp\jogamp_0000\file_cache\jln1140557613091254963\jln6511933531547810998\natives\windows-amd64\jogl_mobile.dll
0x00007ffd0f040000 - 0x00007ffd0f0e9000 	C:\Windows\System32\clbcatq.dll
0x00007ffd07820000 - 0x00007ffd07919000 	C:\Windows\System32\AppXDeploymentClient.dll
0x00007ffca4640000 - 0x00007ffca5605000 	C:\Windows\System32\DriverStore\FileRepository\iigd_dch.inf_amd64_a086f01cc7be643a\ig9icd64.dll
0x00007ffd0cd00000 - 0x00007ffd0cdf4000 	C:\Windows\system32\dxgi.dll
0x00007ffd007b0000 - 0x00007ffd009ef000 	C:\Windows\System32\DriverStore\FileRepository\iigd_dch.inf_amd64_a086f01cc7be643a\igdgmm64.dll
0x00007ffcadbf0000 - 0x00007ffcae005000 	C:\Windows\System32\DriverStore\FileRepository\iigd_dch.inf_amd64_a086f01cc7be643a\igdml64.dll
0x00007ffcfd710000 - 0x00007ffd00372000 	C:\Windows\System32\DriverStore\FileRepository\iigd_dch.inf_amd64_a086f01cc7be643a\igc64.dll
0x00007ffd0e1d0000 - 0x00007ffd0e21b000 	C:\Windows\SYSTEM32\powrprof.dll
0x00007ffd0e1b0000 - 0x00007ffd0e1c2000 	C:\Windows\SYSTEM32\UMPDC.dll
0x00007ffcdd960000 - 0x00007ffcdd9a9000 	C:\Program Files\Java\jre1.8.0_301\bin\fontmanager.dll
0x00007ffcfb7e0000 - 0x00007ffcfb8d9000 	C:\Windows\SYSTEM32\textinputframework.dll
0x00007ffd0b560000 - 0x00007ffd0b8be000 	C:\Windows\System32\CoreUIComponents.dll
0x00007ffd0b8c0000 - 0x00007ffd0b9b2000 	C:\Windows\System32\CoreMessaging.dll
0x00007ffd0d100000 - 0x00007ffd0d133000 	C:\Windows\SYSTEM32\ntmarta.dll
0x00007ffd0ae40000 - 0x00007ffd0af94000 	C:\Windows\SYSTEM32\wintypes.dll
0x00007ffd04e80000 - 0x00007ffd05064000 	C:\Windows\SYSTEM32\dbghelp.dll

VM Arguments:
jvm_args: -Dfile.encoding=Cp1252 
java_command: DrawWindow
java_class_path (initial): C:\Users\Miguel\eclipse-workspace\DrawingWindow\bin;C:\Users\Miguel\eclipse-workspace\JOGL\jogamp-all-platforms\jar\gluegen-rt.jar;C:\Users\Miguel\eclipse-workspace\JOGL\jogamp-all-platforms\jar\jogl-all.jar
Launcher Type: SUN_STANDARD

Environment Variables:
PATH=Z:/Programas/Eclipse/eclipse//plugins/org.eclipse.justj.openjdk.hotspot.jre.full.win32.x86_64_16.0.1.v20210528-1205/jre/bin/server;Z:/Programas/Eclipse/eclipse//plugins/org.eclipse.justj.openjdk.hotspot.jre.full.win32.x86_64_16.0.1.v20210528-1205/jre/bin;C:\Program Files\Common Files\Oracle\Java\javapath;C:\Program Files (x86)\Common Files\Oracle\Java\javapath;C:\Windows\system32;C:\Windows;C:\Windows\System32\Wbem;C:\Windows\System32\WindowsPowerShell\v1.0\;C:\Windows\System32\OpenSSH\;C:\Program Files\NVIDIA Corporation\NVIDIA NvDLISR;C:\Program Files (x86)\NVIDIA Corporation\PhysX\Common;C:\Program Files\Git\cmd;C:\Program Files (x86)\GitExtensions\;C:\Program Files\MySQL\MySQL Shell 8.0\bin\;C:\Users\Miguel\AppData\Local\Microsoft\WindowsApps;C:\Users\Miguel\AppData\Local\GitHubDesktop\bin;C:\ProgramData\Miguel\GitHubDesktop\bin;Z:\Programas\Eclipse\eclipse;
USERNAME=Miguel
OS=Windows_NT
PROCESSOR_IDENTIFIER=Intel64 Family 6 Model 158 Stepping 10, GenuineIntel



---------------  S Y S T E M  ---------------

OS: Windows 10.0 , 64 bit Build 19041 (10.0.19041.1202)

CPU:total 12 (initial active 12) (6 cores per cpu, 2 threads per core) family 6 model 158 stepping 10, cmov, cx8, fxsr, mmx, sse, sse2, sse3, ssse3, sse4.1, sse4.2, popcnt, avx, avx2, aes, clmul, erms, 3dnowpref, lzcnt, ht, tsc, tscinvbit, bmi1, bmi2, adx

Memory: 4k page, physical 16617412k(7346792k free), swap 44928964k(30850956k free)

vm_info: Java HotSpot(TM) 64-Bit Server VM (25.301-b09) for windows-amd64 JRE (1.8.0_301-b09), built on Jun  9 2021 06:46:21 by "java_re" with MS VC++ 15.9 (VS2017)

time: Sun Oct 17 11:38:40 2021
timezone: Hora de verano del Centro
elapsed time: 1.476303 seconds (0d 0h 0m 1s)

